<?xml version="1.0" encoding="UTF-8"?>
<testsuites name="jest tests" tests="9" failures="0" errors="0" time="9.474">
  <testsuite name="undefined" errors="0" failures="0" skipped="0" timestamp="2024-11-12T19:58:06" time="8.552" tests="9">
    <testcase classname=" adds 2 + 3 to equal 5" name=" adds 2 + 3 to equal 5" time="0.006">
    </testcase>
    <testcase classname=" adds 2 + 3 to not equal 4" name=" adds 2 + 3 to not equal 4" time="0">
    </testcase>
    <testcase classname=" subtracts 7 - 3 to equal 4" name=" subtracts 7 - 3 to equal 4" time="0">
    </testcase>
    <testcase classname=" subtracts 7 - 3 to not equal 5" name=" subtracts 7 - 3 to not equal 5" time="0">
    </testcase>
    <testcase classname=" divides 10 / 2 to equal 5" name=" divides 10 / 2 to equal 5" time="0">
    </testcase>
    <testcase classname=" divides 10 / 2 to not equal 4" name=" divides 10 / 2 to not equal 4" time="0">
    </testcase>
    <testcase classname=" divides 7 / 2 to equal 3.5" name=" divides 7 / 2 to equal 3.5" time="0">
    </testcase>
    <testcase classname=" divides -6 / 3 to equal -2" name=" divides -6 / 3 to equal -2" time="0">
    </testcase>
    <testcase classname=" divides by zero to throw error" name=" divides by zero to throw error" time="0.041">
    </testcase>
  </testsuite>
</testsuites>